[debug] [2022-05-13T17:56:44.177Z] ----------------------------------------------------------------------
[debug] [2022-05-13T17:56:44.179Z] Command:       C:\Program Files\nodejs\node.exe C:\Users\NikhileshDebbarma\AppData\Roaming\npm\node_modules\firebase-tools\lib\bin\firebase.js init
[debug] [2022-05-13T17:56:44.180Z] CLI Version:   10.8.0
[debug] [2022-05-13T17:56:44.180Z] Platform:      win32
[debug] [2022-05-13T17:56:44.180Z] Node Version:  v16.14.2
[debug] [2022-05-13T17:56:44.189Z] Time:          Fri May 13 2022 23:26:44 GMT+0530 (India Standard Time)
[debug] [2022-05-13T17:56:44.194Z] ----------------------------------------------------------------------
[debug] 
[debug] [2022-05-13T17:56:44.199Z] >>> [apiv2][query] GET https://firebase-public.firebaseio.com/cli.json [none]
[debug] [2022-05-13T17:56:44.226Z] > command requires scopes: ["email","openid","https://www.googleapis.com/auth/cloudplatformprojects.readonly","https://www.googleapis.com/auth/firebase","https://www.googleapis.com/auth/cloud-platform"]
[debug] [2022-05-13T17:56:44.226Z] > authorizing via signed-in user (nikhilesh.debbarma062@gmail.com)
[info] 
     ######## #### ########  ######## ########     ###     ######  ########
     ##        ##  ##     ## ##       ##     ##  ##   ##  ##       ##
     ######    ##  ########  ######   ########  #########  ######  ######
     ##        ##  ##    ##  ##       ##     ## ##     ##       ## ##
     ##       #### ##     ## ######## ########  ##     ##  ######  ########

You're about to initialize a Firebase project in this directory:

  C:\Users\NikhileshDebbarma\Downloads\New folder\drinkwaterpark

[debug] [2022-05-13T17:56:45.684Z] <<< [apiv2][status] GET https://firebase-public.firebaseio.com/cli.json 200
[debug] [2022-05-13T17:56:45.684Z] <<< [apiv2][body] GET https://firebase-public.firebaseio.com/cli.json {"cloudBuildErrorAfter":1594252800000,"cloudBuildWarnAfter":1590019200000,"defaultNode10After":1594252800000,"minVersion":"3.0.5","node8DeploysDisabledAfter":1613390400000,"node8RuntimeDisabledAfter":1615809600000,"node8WarnAfter":1600128000000}
[info] 
=== Project Setup
[info] 
[info] First, let's associate this project directory with a Firebase project.
[info] You can create multiple project aliases by running firebase use --add, 
[info] but for now we'll just set up a default project.
[info] 
[debug] [2022-05-13T17:57:47.297Z] > refreshing access token with scopes: []
[debug] [2022-05-13T17:57:47.299Z] >>> HTTP REQUEST POST https://www.googleapis.com/oauth2/v3/token  
 <request body omitted>
[debug] [2022-05-13T17:57:47.717Z] <<< HTTP RESPONSE 200 {"cache-control":"no-cache, no-store, max-age=0, must-revalidate","expires":"Mon, 01 Jan 1990 00:00:00 GMT","date":"Fri, 13 May 2022 17:57:48 GMT","pragma":"no-cache","content-type":"application/json; charset=utf-8","vary":"X-Origin, Referer, Origin,Accept-Encoding","server":"scaffolding on HTTPServer2","x-xss-protection":"0","x-frame-options":"SAMEORIGIN","x-content-type-options":"nosniff","alt-svc":"h3=\":443\"; ma=2592000,h3-29=\":443\"; ma=2592000,h3-Q050=\":443\"; ma=2592000,h3-Q046=\":443\"; ma=2592000,h3-Q043=\":443\"; ma=2592000,quic=\":443\"; ma=2592000; v=\"46,43\"","accept-ranges":"none","transfer-encoding":"chunked"}
[debug] [2022-05-13T17:57:47.736Z] >>> [apiv2][query] GET https://firebase.googleapis.com/v1beta1/projects pageSize=100
[debug] [2022-05-13T17:57:48.662Z] <<< [apiv2][status] GET https://firebase.googleapis.com/v1beta1/projects 200
[debug] [2022-05-13T17:57:48.662Z] <<< [apiv2][body] GET https://firebase.googleapis.com/v1beta1/projects [omitted]
[info] i  Using project fir-project-e4f30 (DrinkWaterPark) 
[info] 
=== Firestore Setup
[debug] [2022-05-13T17:58:03.553Z] >>> [apiv2][query] GET https://serviceusage.googleapis.com/v1/projects/fir-project-e4f30/services/firestore.googleapis.com [none]
[debug] [2022-05-13T17:58:05.734Z] <<< [apiv2][status] GET https://serviceusage.googleapis.com/v1/projects/fir-project-e4f30/services/firestore.googleapis.com 200
[debug] [2022-05-13T17:58:05.734Z] <<< [apiv2][body] GET https://serviceusage.googleapis.com/v1/projects/fir-project-e4f30/services/firestore.googleapis.com [omitted]
[debug] [2022-05-13T17:58:05.736Z] > refreshing access token with scopes: ["email","https://www.googleapis.com/auth/cloud-platform","https://www.googleapis.com/auth/cloudplatformprojects.readonly","https://www.googleapis.com/auth/firebase","openid"]
[debug] [2022-05-13T17:58:05.737Z] >>> HTTP REQUEST POST https://www.googleapis.com/oauth2/v3/token  
 <request body omitted>
[debug] [2022-05-13T17:58:06.112Z] <<< HTTP RESPONSE 200 {"expires":"Mon, 01 Jan 1990 00:00:00 GMT","cache-control":"no-cache, no-store, max-age=0, must-revalidate","pragma":"no-cache","date":"Fri, 13 May 2022 17:58:06 GMT","content-type":"application/json; charset=utf-8","vary":"X-Origin, Referer, Origin,Accept-Encoding","server":"scaffolding on HTTPServer2","x-xss-protection":"0","x-frame-options":"SAMEORIGIN","x-content-type-options":"nosniff","alt-svc":"h3=\":443\"; ma=2592000,h3-29=\":443\"; ma=2592000,h3-Q050=\":443\"; ma=2592000,h3-Q046=\":443\"; ma=2592000,h3-Q043=\":443\"; ma=2592000,quic=\":443\"; ma=2592000; v=\"46,43\"","accept-ranges":"none","transfer-encoding":"chunked"}
[debug] [2022-05-13T17:58:06.139Z] >>> HTTP REQUEST GET https://appengine.googleapis.com/v1/apps/fir-project-e4f30  
 
[debug] [2022-05-13T17:58:07.430Z] <<< HTTP RESPONSE 200 {"content-type":"application/json; charset=UTF-8","vary":"X-Origin, Referer, Origin,Accept-Encoding","date":"Fri, 13 May 2022 17:58:07 GMT","server":"ESF","cache-control":"private","x-xss-protection":"0","x-frame-options":"SAMEORIGIN","x-content-type-options":"nosniff","alt-svc":"h3=\":443\"; ma=2592000,h3-29=\":443\"; ma=2592000,h3-Q050=\":443\"; ma=2592000,h3-Q046=\":443\"; ma=2592000,h3-Q043=\":443\"; ma=2592000,quic=\":443\"; ma=2592000; v=\"46,43\"","accept-ranges":"none","transfer-encoding":"chunked"}
[debug] [2022-05-13T17:58:07.431Z] database_type: CLOUD_FIRESTORE
[debug] [2022-05-13T17:58:07.432Z] > command requires scopes: ["email","openid","https://www.googleapis.com/auth/cloudplatformprojects.readonly","https://www.googleapis.com/auth/firebase","https://www.googleapis.com/auth/cloud-platform"]
[debug] [2022-05-13T17:58:07.433Z] > authorizing via signed-in user (nikhilesh.debbarma062@gmail.com)
[debug] [2022-05-13T17:58:07.433Z] [iam] checking project fir-project-e4f30 for permissions ["firebase.projects.get"]
[debug] [2022-05-13T17:58:07.434Z] > refreshing access token with scopes: []
[debug] [2022-05-13T17:58:07.435Z] >>> HTTP REQUEST POST https://www.googleapis.com/oauth2/v3/token  
 <request body omitted>
[debug] [2022-05-13T17:58:07.802Z] <<< HTTP RESPONSE 200 {"expires":"Mon, 01 Jan 1990 00:00:00 GMT","pragma":"no-cache","cache-control":"no-cache, no-store, max-age=0, must-revalidate","date":"Fri, 13 May 2022 17:58:08 GMT","content-type":"application/json; charset=utf-8","vary":"X-Origin, Referer, Origin,Accept-Encoding","server":"scaffolding on HTTPServer2","x-xss-protection":"0","x-frame-options":"SAMEORIGIN","x-content-type-options":"nosniff","alt-svc":"h3=\":443\"; ma=2592000,h3-29=\":443\"; ma=2592000,h3-Q050=\":443\"; ma=2592000,h3-Q046=\":443\"; ma=2592000,h3-Q043=\":443\"; ma=2592000,quic=\":443\"; ma=2592000; v=\"46,43\"","accept-ranges":"none","transfer-encoding":"chunked"}
[debug] [2022-05-13T17:58:07.829Z] >>> [apiv2][query] POST https://cloudresourcemanager.googleapis.com/v1/projects/fir-project-e4f30:testIamPermissions [none]
[debug] [2022-05-13T17:58:07.829Z] >>> [apiv2][body] POST https://cloudresourcemanager.googleapis.com/v1/projects/fir-project-e4f30:testIamPermissions {"permissions":["firebase.projects.get"]}
[debug] [2022-05-13T17:58:09.653Z] <<< [apiv2][status] POST https://cloudresourcemanager.googleapis.com/v1/projects/fir-project-e4f30:testIamPermissions 200
[debug] [2022-05-13T17:58:09.654Z] <<< [apiv2][body] POST https://cloudresourcemanager.googleapis.com/v1/projects/fir-project-e4f30:testIamPermissions {"permissions":["firebase.projects.get"]}
[info] 
[info] Firestore Security Rules allow you to define how and when to allow
[info] requests. You can keep these rules in your project directory
[info] and publish them with firebase deploy.
[info] 
[debug] [2022-05-13T17:58:34.686Z] >>> [apiv2][query] GET https://firebaserules.googleapis.com/v1/projects/fir-project-e4f30/releases pageSize=10&pageToken=
[debug] [2022-05-13T17:58:36.465Z] <<< [apiv2][status] GET https://firebaserules.googleapis.com/v1/projects/fir-project-e4f30/releases 200
[debug] [2022-05-13T17:58:36.466Z] <<< [apiv2][body] GET https://firebaserules.googleapis.com/v1/projects/fir-project-e4f30/releases {"releases":[{"name":"projects/fir-project-e4f30/releases/cloud.firestore","rulesetName":"projects/fir-project-e4f30/rulesets/227562f7-baa6-4c26-9630-5c6b5b3a9079","createTime":"2022-03-30T13:20:21.178021Z","updateTime":"2022-03-30T13:20:21.178021Z"}]}
[debug] [2022-05-13T17:58:36.467Z] Found ruleset: projects/fir-project-e4f30/rulesets/227562f7-baa6-4c26-9630-5c6b5b3a9079
[debug] [2022-05-13T17:58:36.468Z] >>> [apiv2][query] GET https://firebaserules.googleapis.com/v1/projects/fir-project-e4f30/rulesets/227562f7-baa6-4c26-9630-5c6b5b3a9079 [none]
[debug] [2022-05-13T17:58:38.025Z] <<< [apiv2][status] GET https://firebaserules.googleapis.com/v1/projects/fir-project-e4f30/rulesets/227562f7-baa6-4c26-9630-5c6b5b3a9079 200
[debug] [2022-05-13T17:58:38.026Z] <<< [apiv2][body] GET https://firebaserules.googleapis.com/v1/projects/fir-project-e4f30/rulesets/227562f7-baa6-4c26-9630-5c6b5b3a9079 [omitted]
[info] 
[info] Firestore indexes allow you to perform complex queries while
[info] maintaining performance that scales with the size of the result
[info] set. You can keep index definitions in your project directory
[info] and publish them with firebase deploy.
[info] 
[debug] [2022-05-13T17:58:41.457Z] > refreshing access token with scopes: ["email","https://www.googleapis.com/auth/cloud-platform","https://www.googleapis.com/auth/cloudplatformprojects.readonly","https://www.googleapis.com/auth/firebase","openid"]
[debug] [2022-05-13T17:58:41.457Z] >>> HTTP REQUEST POST https://www.googleapis.com/oauth2/v3/token  
 <request body omitted>
[debug] [2022-05-13T17:58:41.459Z] > refreshing access token with scopes: ["email","https://www.googleapis.com/auth/cloud-platform","https://www.googleapis.com/auth/cloudplatformprojects.readonly","https://www.googleapis.com/auth/firebase","openid"]
[debug] [2022-05-13T17:58:41.459Z] >>> HTTP REQUEST POST https://www.googleapis.com/oauth2/v3/token  
 <request body omitted>
[debug] [2022-05-13T17:58:41.840Z] <<< HTTP RESPONSE 200 {"expires":"Mon, 01 Jan 1990 00:00:00 GMT","pragma":"no-cache","cache-control":"no-cache, no-store, max-age=0, must-revalidate","date":"Fri, 13 May 2022 17:58:42 GMT","content-type":"application/json; charset=utf-8","vary":"X-Origin, Referer, Origin,Accept-Encoding","server":"scaffolding on HTTPServer2","x-xss-protection":"0","x-frame-options":"SAMEORIGIN","x-content-type-options":"nosniff","alt-svc":"h3=\":443\"; ma=2592000,h3-29=\":443\"; ma=2592000,h3-Q050=\":443\"; ma=2592000,h3-Q046=\":443\"; ma=2592000,h3-Q043=\":443\"; ma=2592000,quic=\":443\"; ma=2592000; v=\"46,43\"","accept-ranges":"none","transfer-encoding":"chunked"}
[debug] [2022-05-13T17:58:41.868Z] >>> HTTP REQUEST GET https://firestore.googleapis.com/v1/projects/fir-project-e4f30/databases/(default)/collectionGroups/-/indexes  
 
[debug] [2022-05-13T17:58:42.152Z] <<< HTTP RESPONSE 200 {"cache-control":"no-cache, no-store, max-age=0, must-revalidate","expires":"Mon, 01 Jan 1990 00:00:00 GMT","date":"Fri, 13 May 2022 17:58:42 GMT","pragma":"no-cache","content-type":"application/json; charset=utf-8","vary":"X-Origin, Referer, Origin,Accept-Encoding","server":"scaffolding on HTTPServer2","x-xss-protection":"0","x-frame-options":"SAMEORIGIN","x-content-type-options":"nosniff","alt-svc":"h3=\":443\"; ma=2592000,h3-29=\":443\"; ma=2592000,h3-Q050=\":443\"; ma=2592000,h3-Q046=\":443\"; ma=2592000,h3-Q043=\":443\"; ma=2592000,quic=\":443\"; ma=2592000; v=\"46,43\"","accept-ranges":"none","transfer-encoding":"chunked"}
[debug] [2022-05-13T17:58:42.179Z] >>> HTTP REQUEST GET https://firestore.googleapis.com/v1/projects/fir-project-e4f30/databases/(default)/collectionGroups/-/fields?filter=indexConfig.usesAncestorConfig=false  
 
[debug] [2022-05-13T17:58:43.250Z] <<< HTTP RESPONSE 200 {"content-type":"application/json; charset=UTF-8","vary":"X-Origin, Referer, Origin,Accept-Encoding","date":"Fri, 13 May 2022 17:58:43 GMT","server":"ESF","cache-control":"private","x-xss-protection":"0","x-frame-options":"SAMEORIGIN","x-content-type-options":"nosniff","alt-svc":"h3=\":443\"; ma=2592000,h3-29=\":443\"; ma=2592000,h3-Q050=\":443\"; ma=2592000,h3-Q046=\":443\"; ma=2592000,h3-Q043=\":443\"; ma=2592000,quic=\":443\"; ma=2592000; v=\"46,43\"","accept-ranges":"none","transfer-encoding":"chunked"}
[debug] [2022-05-13T17:58:43.470Z] <<< HTTP RESPONSE 200 {"content-type":"application/json; charset=UTF-8","vary":"X-Origin, Referer, Origin,Accept-Encoding","date":"Fri, 13 May 2022 17:58:43 GMT","server":"ESF","cache-control":"private","x-xss-protection":"0","x-frame-options":"SAMEORIGIN","x-content-type-options":"nosniff","alt-svc":"h3=\":443\"; ma=2592000,h3-29=\":443\"; ma=2592000,h3-Q050=\":443\"; ma=2592000,h3-Q046=\":443\"; ma=2592000,h3-Q043=\":443\"; ma=2592000,quic=\":443\"; ma=2592000; v=\"46,43\"","accept-ranges":"none","transfer-encoding":"chunked"}
[info] 
=== Hosting Setup
[info] 
[info] Your public directory is the folder (relative to your project directory) that
[info] will contain Hosting assets to be uploaded with firebase deploy. If you
[info] have a build process for your assets, use your build's output directory.
[info] 
[info] +  Wrote public/404.html 
[debug] [2022-05-13T17:59:07.539Z] >>> [apiv2][query] GET https://www.gstatic.com/firebasejs/releases.json [none]
[debug] [2022-05-13T17:59:07.862Z] <<< [apiv2][status] GET https://www.gstatic.com/firebasejs/releases.json 200
[debug] [2022-05-13T17:59:07.862Z] <<< [apiv2][body] GET https://www.gstatic.com/firebasejs/releases.json {"current":{"version":"9.8.1","browserURL":"https://www.gstatic.com/firebasejs/9.8.1/firebase.js","packageURL":"https://www.gstatic.com/firebasejs/9.8.1/firebase.tgz"},"live":{"version":"9.8","browserURL":"https://www.gstatic.com/firebasejs/live/9.8/firebase.js","packageURL":"https://www.gstatic.com/firebasejs/live/9.8/firebase.tgz"},"components":{"analytics":"https://www.gstatic.com/firebasejs/9.8.1/firebase-analytics.js","app":"https://www.gstatic.com/firebasejs/9.8.1/firebase-app.js","app-check":"https://www.gstatic.com/firebasejs/9.8.1/firebase-app-check.js","auth":"https://www.gstatic.com/firebasejs/9.8.1/firebase-auth.js","auth/cordova":"https://www.gstatic.com/firebasejs/9.8.1/firebase-auth/cordova.js","auth/react-native":"https://www.gstatic.com/firebasejs/9.8.1/firebase-auth/react-native.js","functions":"https://www.gstatic.com/firebasejs/9.8.1/firebase-functions.js","firestore":"https://www.gstatic.com/firebasejs/9.8.1/firebase-firestore.js","firestore/lite":"https://www.gstatic.com/firebasejs/9.8.1/firebase-firestore/lite.js","storage":"https://www.gstatic.com/firebasejs/9.8.1/firebase-storage.js","performance":"https://www.gstatic.com/firebasejs/9.8.1/firebase-performance.js","remote-config":"https://www.gstatic.com/firebasejs/9.8.1/firebase-remote-config.js","messaging":"https://www.gstatic.com/firebasejs/9.8.1/firebase-messaging.js","messaging/sw":"https://www.gstatic.com/firebasejs/9.8.1/firebase-messaging/sw.js","database":"https://www.gstatic.com/firebasejs/9.8.1/firebase-database.js","firestore.memory":"https://www.gstatic.com/firebasejs/9.8.1/firebase-firestore.memory.js"}}
[info] i  Skipping write of public/index.html 
[info] 
[info] i  Detected a .git folder at C:\Users\NikhileshDebbarma\Downloads\New folder\drinkwaterpark 
[info] i  Authorizing with GitHub to upload your service account to a GitHub repository's secrets store. 
[info] 
[info] Visit this URL on this device to log in:
[info] https://github.com/login/oauth/authorize?client_id=89cf50f02ac6aaed3484&state=828293157&redirect_uri=http%3A%2F%2Flocalhost%3A9005&scope=read%3Auser%20repo%20public_repo
[info] 
[info] Waiting for authentication...
[debug] [2022-05-13T17:59:16.921Z] >>> HTTP REQUEST POST https://github.com/login/oauth/access_token  
 {"client_id":"89cf50f02ac6aaed3484","client_secret":"3330d14abc895d9a74d5f17cd7a00711fa2c5bf0","code":"9cc6765627caff020f7b","redirect_uri":"http://localhost:9005","state":"828293157"}
[debug] [2022-05-13T17:59:17.529Z] <<< HTTP RESPONSE 200 {"server":"GitHub.com","date":"Fri, 13 May 2022 17:59:17 GMT","content-type":"application/json; charset=utf-8","transfer-encoding":"chunked","vary":"X-PJAX, X-PJAX-Container, Accept-Encoding, Accept, X-Requested-With","permissions-policy":"interest-cohort=()","etag":"W/\"ac0525b24446c8fd35c629ca19cc08eb\"","cache-control":"max-age=0, private, must-revalidate","strict-transport-security":"max-age=31536000; includeSubdomains; preload","x-frame-options":"deny","x-content-type-options":"nosniff","x-xss-protection":"0","referrer-policy":"origin-when-cross-origin, strict-origin-when-cross-origin","expect-ct":"max-age=2592000, report-uri=\"https://api.github.com/_private/browser/errors\"","content-security-policy":"default-src 'none'; base-uri 'self'; block-all-mixed-content; child-src github.com/assets-cdn/worker/ gist.github.com/assets-cdn/worker/; connect-src 'self' uploads.github.com objects-origin.githubusercontent.com www.githubstatus.com collector.github.com raw.githubusercontent.com api.github.com github-cloud.s3.amazonaws.com github-production-repository-file-5c1aeb.s3.amazonaws.com github-production-upload-manifest-file-7fdce7.s3.amazonaws.com github-production-user-asset-6210df.s3.amazonaws.com cdn.optimizely.com logx.optimizely.com/v1/events translator.github.com *.actions.githubusercontent.com wss://*.actions.githubusercontent.com online.visualstudio.com/api/v1/locations github-production-repository-image-32fea6.s3.amazonaws.com github-production-release-asset-2e65be.s3.amazonaws.com insights.github.com wss://alive.github.com; font-src github.githubassets.com; form-action 'self' github.com gist.github.com objects-origin.githubusercontent.com; frame-ancestors 'none'; frame-src render.githubusercontent.com viewscreen.githubusercontent.com notebooks.githubusercontent.com; img-src 'self' data: github.githubassets.com identicons.github.com github-cloud.s3.amazonaws.com secured-user-images.githubusercontent.com/ *.githubusercontent.com; manifest-src 'self'; media-src github.com user-images.githubusercontent.com/; script-src github.githubassets.com; style-src 'unsafe-inline' github.githubassets.com; worker-src github.com/assets-cdn/worker/ gist.github.com/assets-cdn/worker/","x-github-request-id":"DC98:5928:2ED0AE:36A625:627E9C75"}
[debug] [2022-05-13T17:59:17.559Z] >>> [apiv2][query] GET https://api.github.com/user [none]
[debug] [2022-05-13T17:59:18.102Z] <<< [apiv2][status] GET https://api.github.com/user 200
[debug] [2022-05-13T17:59:18.103Z] <<< [apiv2][body] GET https://api.github.com/user {"login":"NikhileshDb","id":45272403,"node_id":"MDQ6VXNlcjQ1MjcyNDAz","avatar_url":"https://avatars.githubusercontent.com/u/45272403?v=4","gravatar_id":"","url":"https://api.github.com/users/NikhileshDb","html_url":"https://github.com/NikhileshDb","followers_url":"https://api.github.com/users/NikhileshDb/followers","following_url":"https://api.github.com/users/NikhileshDb/following{/other_user}","gists_url":"https://api.github.com/users/NikhileshDb/gists{/gist_id}","starred_url":"https://api.github.com/users/NikhileshDb/starred{/owner}{/repo}","subscriptions_url":"https://api.github.com/users/NikhileshDb/subscriptions","organizations_url":"https://api.github.com/users/NikhileshDb/orgs","repos_url":"https://api.github.com/users/NikhileshDb/repos","events_url":"https://api.github.com/users/NikhileshDb/events{/privacy}","received_events_url":"https://api.github.com/users/NikhileshDb/received_events","type":"User","site_admin":false,"name":null,"company":null,"blog":"","location":null,"email":null,"hireable":null,"bio":null,"twitter_username":null,"public_repos":11,"public_gists":0,"followers":1,"following":4,"created_at":"2018-11-22T19:59:44Z","updated_at":"2022-04-26T21:44:53Z","private_gists":0,"total_private_repos":0,"owned_private_repos":0,"disk_usage":394949,"collaborators":0,"two_factor_authentication":false,"plan":{"name":"free","space":976562499,"collaborators":0,"private_repos":10000}}
[info] 
[info] +  Success! Logged into GitHub as NikhileshDb 
[info] 
[debug] [2022-05-13T18:00:41.916Z] >>> [apiv2][query] GET https://api.github.com/repos/NikhleshDb/drinkwaterpark/actions/secrets/public-key type=owner
[debug] [2022-05-13T18:00:42.644Z] <<< [apiv2][status] GET https://api.github.com/repos/NikhleshDb/drinkwaterpark/actions/secrets/public-key 404
[debug] [2022-05-13T18:00:42.645Z] <<< [apiv2][body] GET https://api.github.com/repos/NikhleshDb/drinkwaterpark/actions/secrets/public-key {"message":"Not Found","documentation_url":"https://docs.github.com/rest/reference/actions#get-a-repository-public-key"}
[debug] [2022-05-13T18:00:52.414Z] >>> [apiv2][query] GET https://api.github.com/repos/NikhleshDb/drinkwaterpark/actions/secrets/public-key type=owner
[debug] [2022-05-13T18:00:52.939Z] <<< [apiv2][status] GET https://api.github.com/repos/NikhleshDb/drinkwaterpark/actions/secrets/public-key 404
[debug] [2022-05-13T18:00:52.939Z] <<< [apiv2][body] GET https://api.github.com/repos/NikhleshDb/drinkwaterpark/actions/secrets/public-key {"message":"Not Found","documentation_url":"https://docs.github.com/rest/reference/actions#get-a-repository-public-key"}
